<?xml version="1.0" encoding="UTF-8"?>
<!-- Generated by org.testng.reporters.JUnitXMLReporter -->
<testsuite ignored="1" hostname="Vishal-ASUS" failures="0" tests="1" name="Default test" time="18.235" errors="0" timestamp="2024-06-19T16:09:28 IST">
  <testcase classname="AppiumFirstProject.MobileBrowserTest09" name="anotherWebTestUsingRahulWeb" time="7.791"/>
  <testcase classname="AppiumFirstProject.MobileBrowserTest09" name="mobileBrowserTest01" time="0.0">
    <ignored/>
  </testcase> <!-- mobileBrowserTest01 -->
</testsuite> <!-- Default test -->
