<?xml version="1.0" encoding="UTF-8"?>
<!-- Generated by org.testng.reporters.JUnitXMLReporter -->
<testsuite ignored="4" hostname="Vishal-ASUS" failures="0" tests="1" name="Default test" time="32.728" errors="0" timestamp="2024-06-16T15:56:27 IST">
  <testcase classname="eCommerceTestCases.ECommerce_tc_01" name="verifyTotalAmountIsCorrect" time="24.965"/>
  <testcase classname="eCommerceTestCases.ECommerce_tc_01" name="toastTestMessage" time="0.0">
    <ignored/>
  </testcase> <!-- toastTestMessage -->
  <testcase classname="eCommerceTestCases.ECommerce_tc_01" name="roughTestToaddDesiredProductsinCartIncomplete" time="0.0">
    <ignored/>
  </testcase> <!-- roughTestToaddDesiredProductsinCartIncomplete -->
  <testcase classname="eCommerceTestCases.ECommerce_tc_01" name="fillForm01" time="0.0">
    <ignored/>
  </testcase> <!-- fillForm01 -->
  <testcase classname="eCommerceTestCases.ECommerce_tc_01" name="addToCartDesiredProductTest" time="0.0">
    <ignored/>
  </testcase> <!-- addToCartDesiredProductTest -->
</testsuite> <!-- Default test -->
