<?xml version="1.0" encoding="UTF-8"?>
<testng-results ignored="0" total="1" passed="1" failed="0" skipped="0">
  <reporter-output>
  </reporter-output>
  <suite started-at="2024-06-16T15:55:54 IST" name="Default suite" finished-at="2024-06-16T15:56:27 IST" duration-ms="32728">
    <groups>
    </groups>
    <test started-at="2024-06-16T15:55:54 IST" name="Default test" finished-at="2024-06-16T15:56:27 IST" duration-ms="32728">
      <class name="eCommerceTestCases.ECommerce_tc_01">
        <test-method is-config="true" signature="configureAppium()[pri:0, instance:eCommerceTestCases.ECommerce_tc_01@3aa078fd]" started-at="2024-06-16T15:55:54 IST" name="configureAppium" finished-at="2024-06-16T15:56:01 IST" duration-ms="6873" status="PASS">
          <reporter-output>
          </reporter-output>
        </test-method> <!-- configureAppium -->
        <test-method signature="verifyTotalAmountIsCorrect()[pri:0, instance:eCommerceTestCases.ECommerce_tc_01@3aa078fd]" started-at="2024-06-16T15:56:01 IST" name="verifyTotalAmountIsCorrect" finished-at="2024-06-16T15:56:26 IST" duration-ms="24965" status="PASS">
          <reporter-output>
          </reporter-output>
        </test-method> <!-- verifyTotalAmountIsCorrect -->
        <test-method is-config="true" signature="tearDown()[pri:0, instance:eCommerceTestCases.ECommerce_tc_01@3aa078fd]" started-at="2024-06-16T15:56:26 IST" name="tearDown" finished-at="2024-06-16T15:56:27 IST" duration-ms="859" status="PASS">
          <reporter-output>
          </reporter-output>
        </test-method> <!-- tearDown -->
      </class> <!-- eCommerceTestCases.ECommerce_tc_01 -->
    </test> <!-- Default test -->
  </suite> <!-- Default suite -->
</testng-results>
